###############################################################################
#                                                                             #
# IAR C/C++ Compiler V1.30.5.50715 for RL78             19/Feb/2014  21:46:36 #
# Copyright 2011-2013 IAR Systems AB.                                         #
# Network license: ece-lic-19.ece.ncsu.edu (STD)                              #
#                                                                             #
#    Core         =  rl78_2                                                   #
#    Code model   =  Near                                                     #
#    Data model   =  Near                                                     #
#                 =                                                           #
#    Source file  =  C:\Users\jholmes\Google Drive\ECE561\project1_monday_am_ #
#                    b4_applilet\GPSSim-G14\GPSSim-G14\applilet3_src\r_cg_adc #
#                    _user.c                                                  #
#    Command line =  "C:\Users\jholmes\Google Drive\ECE561\project1_monday_am #
#                    _b4_applilet\GPSSim-G14\GPSSim-G14\applilet3_src\r_cg_ad #
#                    c_user.c" --core rl78_2 --code_model near --data_model   #
#                    near --near_const_location rom0 -o                       #
#                    "C:\Users\jholmes\Google Drive\ECE561\project1_monday_am #
#                    _b4_applilet\GPSSim-G14\GPSSim-G14\Debug\Obj\"           #
#                    --dlib_config "C:\Program Files (x86)\IAR                #
#                    Systems\Embedded Workbench 6.5\rl78\LIB\dlrl78nn2n.h"    #
#                    -e -Ohz --no_scheduling --debug -lCN                     #
#                    "C:\Users\jholmes\Google Drive\ECE561\project1_monday_am #
#                    _b4_applilet\GPSSim-G14\GPSSim-G14\Debug\List\" -I       #
#                    "C:\Users\jholmes\Google Drive\ECE561\project1_monday_am #
#                    _b4_applilet\GPSSim-G14\GPSSim-G14/applilet3_src/\" -I   #
#                    "C:\Users\jholmes\Google Drive\ECE561\project1_monday_am #
#                    _b4_applilet\GPSSim-G14\GPSSim-G14/Glyph/\" -I           #
#                    "C:\Users\jholmes\Google Drive\ECE561\project1_monday_am #
#                    _b4_applilet\GPSSim-G14\GPSSim-G14/Glyph/Drivers/\" -I   #
#                    "C:\Users\jholmes\Google Drive\ECE561\project1_monday_am #
#                    _b4_applilet\GPSSim-G14\GPSSim-G14/user_include/\" -I    #
#                    "C:\Users\jholmes\Google Drive\ECE561\project1_monday_am #
#                    _b4_applilet\GPSSim-G14\GPSSim-G14/RTC/\"                #
#    List file    =  C:\Users\jholmes\Google Drive\ECE561\project1_monday_am_ #
#                    b4_applilet\GPSSim-G14\GPSSim-G14\Debug\List\r_cg_adc_us #
#                    er.lst                                                   #
#    Object file  =  C:\Users\jholmes\Google Drive\ECE561\project1_monday_am_ #
#                    b4_applilet\GPSSim-G14\GPSSim-G14\Debug\Obj\r_cg_adc_use #
#                    r.r87                                                    #
#                                                                             #
#                                                                             #
###############################################################################

C:\Users\jholmes\Google Drive\ECE561\project1_monday_am_b4_applilet\GPSSim-G14\GPSSim-G14\applilet3_src\r_cg_adc_user.c
      1          /***********************************************************************************************************************
      2          * DISCLAIMER
      3          * This software is supplied by Renesas Electronics Corporation and is only 
      4          * intended for use with Renesas products. No other uses are authorized. This 
      5          * software is owned by Renesas Electronics Corporation and is protected under 
      6          * all applicable laws, including copyright laws.
      7          * THIS SOFTWARE IS PROVIDED "AS IS" AND RENESAS MAKES NO WARRANTIES REGARDING 
      8          * THIS SOFTWARE, WHETHER EXPRESS, IMPLIED OR STATUTORY, INCLUDING BUT NOT 
      9          * LIMITED TO WARRANTIES OF MERCHANTABILITY, FITNESS FOR A PARTICULAR PURPOSE 
     10          * AND NON-INFRINGEMENT.  ALL SUCH WARRANTIES ARE EXPRESSLY DISCLAIMED.
     11          * TO THE MAXIMUM EXTENT PERMITTED NOT PROHIBITED BY LAW, NEITHER RENESAS 
     12          * ELECTRONICS CORPORATION NOR ANY OF ITS AFFILIATED COMPANIES SHALL BE LIABLE 
     13          * FOR ANY DIRECT, INDIRECT, SPECIAL, INCIDENTAL OR CONSEQUENTIAL DAMAGES FOR 
     14          * ANY REASON RELATED TO THIS SOFTWARE, EVEN IF RENESAS OR ITS AFFILIATES HAVE 
     15          * BEEN ADVISED OF THE POSSIBILITY OF SUCH DAMAGES.
     16          * Renesas reserves the right, without notice, to make changes to this software 
     17          * and to discontinue the availability of this software.  By using this software, 
     18          * you agree to the additional terms and conditions found by accessing the 
     19          * following link:
     20          * http://www.renesas.com/disclaimer
     21          *
     22          * Copyright (C) 2011, 2013 Renesas Electronics Corporation. All rights reserved.
     23          ***********************************************************************************************************************/
     24          
     25          /***********************************************************************************************************************
     26          * File Name    : r_cg_adc_user.c
     27          * Version      : Applilet3 for RL78/G14 V2.01.00.02 [09 Aug 2013]
     28          * Device(s)    : R5F104PJ
     29          * Tool-Chain   : IAR Systems iccrl78
     30          * Description  : This file implements device driver for ADC module.
     31          * Creation Date: 2/19/2014
     32          ***********************************************************************************************************************/
     33          
     34          /***********************************************************************************************************************
     35          Includes
     36          ***********************************************************************************************************************/
     37          #include "r_cg_macrodriver.h"
     38          #include "r_cg_adc.h"
     39          /* Start user code for include. Do not edit comment generated here */
     40          /* End user code. Do not edit comment generated here */
     41          #include "r_cg_userdefine.h"
     42          
     43          /***********************************************************************************************************************
     44          Global variables and functions
     45          ***********************************************************************************************************************/
     46          /* Start user code for global. Do not edit comment generated here */
     47          /* End user code. Do not edit comment generated here */
     48          
     49          /***********************************************************************************************************************
     50          * Function Name: r_adc_interrupt
     51          * Description  : This function is INTAD interrupt service routine.
     52          * Arguments    : None
     53          * Return Value : None
     54          ***********************************************************************************************************************/
     55          #pragma vector = INTAD_vect

   \                                 In  segment CODE, align 1, keep-with-next
     56          __interrupt static void r_adc_interrupt(void)
   \                     r_adc_interrupt:
     57          {
   \   000000                       ; * Stack frame (at entry) *
   \   000000                       ; Param size: 0
   \   000000                       ; Auto size: 0
     58              /* Start user code. Do not edit comment generated here */
     59              /* End user code. Do not edit comment generated here */
     60          }
   \   000000 61FC                  RETI                         ;; 6 cycles
   \   000002                       ; ------------------------------------- Block: 6 cycles
   \   000002                       ; ------------------------------------- Total: 6 cycles
   \   000002                       REQUIRE ?CLRL78_V1_0_L00

   \                                 In  segment INTVEC, offset 0x34, root
   \   000034 ....                  DW r_adc_interrupt
     61          
     62          /* Start user code for adding. Do not edit comment generated here */
     63          /* End user code. Do not edit comment generated here */

   Maximum stack usage in bytes:

   CSTACK Function
   ------ --------
      0   r_adc_interrupt


   Segment part sizes:

   Bytes  Function/Label
   -----  --------------
       2  ??r_adc_interrupt??INTVEC 52
       2  r_adc_interrupt

 
 2 bytes in segment CODE
 2 bytes in segment INTVEC
 
 2 bytes of CODE memory (+ 2 bytes shared)

Errors: none
Warnings: none
